<?xml version="1.0" encoding="UTF-8"?>
<!-- Generated by org.testng.reporters.JUnitXMLReporter -->
<testsuite ignored="0" hostname="DESKTOP-QCVUE6B" failures="1" tests="1" name="Test2" time="0.076" errors="0" timestamp="2024-06-17T22:44:07 IST">
  <testcase classname="test.TestClass" name="getDriver" time="0.029">
    <failure type="java.net.MalformedURLException" message="no protocol: &amp;quot;http://65.2.180.230/ui/">
      <![CDATA[java.net.MalformedURLException: no protocol: "http://65.2.180.230/ui/
at java.base/java.net.URL.<init>(URL.java:772)
at java.base/java.net.URL.<init>(URL.java:654)
at java.base/java.net.URL.<init>(URL.java:590)
at test.TestClass.getDriver(TestClass.java:35)
at java.base/java.util.ArrayList.forEach(ArrayList.java:1597)
at java.base/java.util.concurrent.FutureTask.run(FutureTask.java:317)
at java.base/java.util.concurrent.ThreadPoolExecutor.runWorker(ThreadPoolExecutor.java:1144)
at java.base/java.util.concurrent.ThreadPoolExecutor$Worker.run(ThreadPoolExecutor.java:642)
at java.base/java.lang.Thread.run(Thread.java:1570)
... Removed 15 stack frames]]>
    </failure>
  </testcase> <!-- getDriver -->
</testsuite> <!-- Test2 -->
